<?xml version="1.0" encoding="UTF-8"?>
<!-- Generated by org.testng.reporters.JUnitReportReporter -->
<testsuite hostname="DESKTOP-5NO08LJ" failures="0" tests="1" name="TestCases" time="0.005" errors="0" timestamp="2022-08-13T16:51:02 AMT" skipped="0">
  <testcase classname="TestCases" name="setup" time="0.005"/>
  <system-out/>
</testsuite> <!-- TestCases -->
